2024-12-10 02:35:59,475-basePage.py-INFO-https://test.skywayplatform.com/skyway-platform/login?tenantCode=1284
2024-12-10 02:36:03,232-loginPage.py-DEBUG-11
2024-12-10 02:36:03,234-loginPage.py-DEBUG-d5eFYHi!PNf5Bk~
2024-12-10 02:36:15,702-basePage.py-INFO-https://test.skywayplatform.com/skyway-platform/login?tenantCode=1284
2024-12-10 02:36:20,169-loginPage.py-DEBUG-3nU17FmDUJbOnBnZDTLcSsNThY7z43J4TE8JYbUgqyG97QkmVoWoCwqlKgDgFq3pD
2024-12-10 02:36:20,170-loginPage.py-DEBUG-d5eFYHi!PNf6Bk~
2024-12-10 02:36:32,820-basePage.py-INFO-https://test.skywayplatform.com/skyway-platform/login?tenantCode=1284
2024-12-10 02:36:34,301-loginPage.py-DEBUG-  
2024-12-10 02:36:34,303-loginPage.py-DEBUG-d5eFYHi!PNf7Bk~
2024-12-10 02:36:48,413-basePage.py-INFO-https://test.skywayplatform.com/skyway-platform/login?tenantCode=1284
2024-12-10 02:36:53,388-loginPage.py-DEBUG-admin
2024-12-10 02:36:53,388-loginPage.py-DEBUG-d5eFYHi!PNf3Bk~
2024-12-10 02:37:09,868-basePage.py-DEBUG-没有这样的元素存在.v-messages__message.message-transition-enter-to
2024-12-10 02:37:15,901-basePage.py-INFO-https://test.skywayplatform.com/skyway-platform/login?tenantCode=1284
2024-12-10 02:37:22,390-loginPage.py-DEBUG-admin
2024-12-10 02:37:22,391-loginPage.py-DEBUG-123
2024-12-10 02:37:34,762-basePage.py-INFO-https://test.skywayplatform.com/skyway-platform/login?tenantCode=1284
2024-12-10 02:37:38,853-loginPage.py-DEBUG-111
2024-12-10 02:37:38,854-loginPage.py-DEBUG-111
2024-12-10 02:37:51,256-basePage.py-INFO-https://test.skywayplatform.com/skyway-platform/login?tenantCode=1284
2024-12-10 02:37:57,180-loginPage.py-DEBUG-admin
2024-12-10 02:37:57,181-loginPage.py-DEBUG-1234
2024-12-10 02:38:09,645-basePage.py-INFO-https://test.skywayplatform.com/skyway-platform/login?tenantCode=1284
2024-12-10 02:38:16,373-loginPage.py-DEBUG-admin
2024-12-10 02:38:16,374-loginPage.py-DEBUG-53APng01zzkCGGjWSiLQTrcJoF77HCalS
inPage.py-DEBUG-admin
2024-12-10 02:37:57,181-loginPage.py-DEBUG-1234
2024-12-10 02:38:09,645-basePage.py-INFO-https://test.skywayplatform.com/skyway-platform/login?tenantCode=1284
2024-12-10 02:38:16,373-loginPage.py-DEBUG-admin
2024-12-10 02:38:16,374-loginPage.py-DEBUG-53APng01zzkCGGjWSiLQTrcJoF77HCalS
9,645-basePage.py-INFO-https://test.skywayplatform.com/skyway-platform/login?tenantCode=1284
2024-12-10 02:38:16,373-loginPage.py-DEBUG-admin
2024-12-10 02:38:16,374-loginPage.py-DEBUG-53APng01zzkCGGjWSiLQTrcJoF77HCalS
12-10 02:38:16,373-loginPage.py-DEBUG-admin
2024-12-10 02:38:16,374-loginPage.py-DEBUG-53APng01zzkCGGjWSiLQTrcJoF77HCalS
