2024-12-10 02:36:48,413-basePage.py-INFO-https://test.skywayplatform.com/skyway-platform/login?tenantCode=1284
2024-12-10 02:36:53,388-loginPage.py-DEBUG-admin
2024-12-10 02:36:53,388-loginPage.py-DEBUG-d5eFYHi!PNf3Bk~
2024-12-10 02:37:09,868-basePage.py-DEBUG-没有这样的元素存在.v-messages__message.message-transition-enter-to
2024-12-10 02:37:15,901-basePage.py-INFO-https://test.skywayplatform.com/skyway-platform/login?tenantCode=1284
2024-12-10 02:37:22,390-loginPage.py-DEBUG-admin
2024-12-10 02:37:22,391-loginPage.py-DEBUG-123
2024-12-10 02:37:34,762-basePage.py-INFO-https://test.skywayplatform.com/skyway-platform/login?tenantCode=1284
2024-12-10 02:37:38,853-loginPage.py-DEBUG-111
2024-12-10 02:37:38,854-loginPage.py-DEBUG-111
2024-12-10 02:37:51,256-basePage.py-INFO-https://test.skywayplatform.com/skyway-platform/login?tenantCode=1284
2024-12-10 02:37:57,180-loginPage.py-DEBUG-admin
2024-12-10 02:37:57,181-loginPage.py-DEBUG-1234
2024-12-10 02:38:09,645-basePage.py-INFO-https://test.skywayplatform.com/skyway-platform/login?tenantCode=1284
2024-12-10 02:38:16,373-loginPage.py-DEBUG-admin
2024-12-10 02:38:16,374-loginPage.py-DEBUG-53APng01zzkCGGjWSiLQTrcJoF77HCalS
45-basePage.py-INFO-https://test.skywayplatform.com/skyway-platform/login?tenantCode=1284
2024-12-10 02:38:16,373-loginPage.py-DEBUG-admin
2024-12-10 02:38:16,374-loginPage.py-DEBUG-53APng01zzkCGGjWSiLQTrcJoF77HCalS
-10 02:37:57,181-loginPage.py-DEBUG-1234
2024-12-10 02:38:09,645-basePage.py-INFO-https://test.skywayplatform.com/skyway-platform/login?tenantCode=1284
2024-12-10 02:38:16,373-loginPage.py-DEBUG-admin
2024-12-10 02:38:16,374-loginPage.py-DEBUG-53APng01zzkCGGjWSiLQTrcJoF77HCalS
