2024-12-10 01:58:55,005-basePage.py-INFO-https://test.skywayplatform.com/skyway-platform/login?tenantCode=1284
2024-12-10 01:58:59,600-loginPage.py-DEBUG-11
2024-12-10 01:58:59,601-loginPage.py-DEBUG-d5eFYHi!PNf5Bk~
2024-12-10 01:59:11,888-basePage.py-INFO-https://test.skywayplatform.com/skyway-platform/login?tenantCode=1284
2024-12-10 01:59:15,681-loginPage.py-DEBUG-3nU17FmDUJbOnBnZDTLcSsNThY7z43J4TE8JYbUgqyG97QkmVoWoCwqlKgDgFq3pD
2024-12-10 01:59:15,682-loginPage.py-DEBUG-d5eFYHi!PNf6Bk~
2024-12-10 01:59:28,206-basePage.py-INFO-https://test.skywayplatform.com/skyway-platform/login?tenantCode=1284
2024-12-10 01:59:30,340-loginPage.py-DEBUG-  
2024-12-10 01:59:30,340-loginPage.py-DEBUG-d5eFYHi!PNf7Bk~
E8JYbUgqyG97QkmVoWoCwqlKgDgFq3pD
2024-12-10 01:59:15,682-loginPage.py-DEBUG-d5eFYHi!PNf6Bk~
2024-12-10 01:59:28,206-basePage.py-INFO-https://test.skywayplatform.com/skyway-platform/login?tenantCode=1284
2024-12-10 01:59:30,340-loginPage.py-DEBUG-  
2024-12-10 01:59:30,340-loginPage.py-DEBUG-d5eFYHi!PNf7Bk~
~
2024-12-10 01:59:28,206-basePage.py-INFO-https://test.skywayplatform.com/skyway-platform/login?tenantCode=1284
2024-12-10 01:59:30,340-loginPage.py-DEBUG-  
2024-12-10 01:59:30,340-loginPage.py-DEBUG-d5eFYHi!PNf7Bk~
enantCode=1284
2024-12-10 01:59:30,340-loginPage.py-DEBUG-  
2024-12-10 01:59:30,340-loginPage.py-DEBUG-d5eFYHi!PNf7Bk~
